<?xml version="1.0" encoding="UTF-8"?>
<testng-results ignored="0" total="1" passed="1" failed="0" skipped="0">
  <reporter-output>
  </reporter-output>
  <suite started-at="2020-01-27T00:00:36 IST" name="Default suite" finished-at="2020-01-27T00:00:41 IST" duration-ms="4705">
    <groups>
    </groups>
    <test started-at="2020-01-27T00:00:36 IST" name="Default test" finished-at="2020-01-27T00:00:41 IST" duration-ms="4705">
      <class name="basics_of_excel.testclass">
        <test-method signature="hhhh()[pri:0, instance:basics_of_excel.testclass@13c10b87]" started-at="2020-01-27T00:00:36 IST" name="hhhh" finished-at="2020-01-27T00:00:41 IST" duration-ms="4643" status="PASS">
          <reporter-output>
          </reporter-output>
        </test-method> <!-- hhhh -->
      </class> <!-- basics_of_excel.testclass -->
    </test> <!-- Default test -->
  </suite> <!-- Default suite -->
</testng-results>
