<?xml version="1.0" encoding="UTF-8"?>
<!-- Generated by org.testng.reporters.JUnitXMLReporter -->
<testsuite ignored="5" hostname="ANIL" failures="0" tests="6" name="TestClass" time="0.101" errors="0" timestamp="2020-01-06T12:58:36 IST">
  <testcase classname="com.test.groups" name="testmethod1" time="0.017"/>
  <testcase classname="com.test.groups" name="testmethod10" time="0.005"/>
  <testcase classname="com.test.groups" name="testmethod3" time="0.004"/>
  <testcase classname="com.test.groups" name="testmethod5" time="0.002"/>
  <testcase classname="com.test.groups" name="testmethod7" time="0.002"/>
  <testcase classname="com.test.groups" name="testmethod9" time="0.001"/>
  <testcase classname="com.test.groups" name="testmethod4" time="0.0">
    <ignored/>
  </testcase> <!-- testmethod4 -->
  <testcase classname="com.test.groups" name="testmethod6" time="0.0">
    <ignored/>
  </testcase> <!-- testmethod6 -->
  <testcase classname="com.test.groups" name="testmethod8" time="0.0">
    <ignored/>
  </testcase> <!-- testmethod8 -->
  <testcase classname="com.test.groups" name="testmethod11" time="0.0">
    <ignored/>
  </testcase> <!-- testmethod11 -->
  <testcase classname="com.test.groups" name="testmethod2" time="0.0">
    <ignored/>
  </testcase> <!-- testmethod2 -->
</testsuite> <!-- TestClass -->
